<?xml version="1.0" encoding="UTF-8"?>
<testng-results ignored="0" total="1" passed="1" failed="0" skipped="0">
  <reporter-output>
  </reporter-output>
  <suite started-at="2024-05-20T05:43:21 IST" name="Default suite" finished-at="2024-05-20T05:43:31 IST" duration-ms="9783">
    <groups>
    </groups>
    <test started-at="2024-05-20T05:43:21 IST" name="Default test" finished-at="2024-05-20T05:43:31 IST" duration-ms="9783">
      <class name="testCases.LoginTestCases">
        <test-method signature="verifyLoginWithValidData()[pri:0, instance:testCases.LoginTestCases@2f7298b]" started-at="2024-05-20T05:43:21 IST" name="verifyLoginWithValidData" finished-at="2024-05-20T05:43:31 IST" duration-ms="9718" status="PASS">
          <reporter-output>
          </reporter-output>
        </test-method> <!-- verifyLoginWithValidData -->
      </class> <!-- testCases.LoginTestCases -->
    </test> <!-- Default test -->
  </suite> <!-- Default suite -->
</testng-results>
